
--- Session Started: 2026-03-02 13:12:54 ---
[2026-03-02 13:15:00] [Error]    No interfaces could process the outbound packet
[2026-03-02 13:15:00] [Error]    No interfaces could process the outbound packet
[2026-03-02 13:15:06] [Error]    No interfaces could process the outbound packet
[2026-03-02 13:15:06] [Error]    No interfaces could process the outbound packet
[2026-03-02 13:16:00] [Error]    No interfaces could process the outbound packet
[2026-03-02 13:16:00] [Error]    No interfaces could process the outbound packet
[2026-03-02 13:16:06] [Error]    No interfaces could process the outbound packet
[2026-03-02 13:17:14] [Error]    No interfaces could process the outbound packet
[2026-03-02 13:17:15] [Error]    No interfaces could process the outbound packet
[2026-03-02 13:17:15] [Error]    No interfaces could process the outbound packet
[2026-03-02 13:17:15] [Error]    No interfaces could process the outbound packet
[2026-03-02 13:17:21] [Error]    No interfaces could process the outbound packet
[2026-03-02 13:17:21] [Error]    No interfaces could process the outbound packet
[2026-03-02 13:17:21] [Error]    No interfaces could process the outbound packet
[2026-03-02 13:17:35] [Error]    No interfaces could process the outbound packet
[2026-03-02 13:17:41] [Error]    No interfaces could process the outbound packet
[2026-03-02 13:17:46] [Error]    No interfaces could process the outbound packet
[2026-03-02 13:18:01] [Error]    No interfaces could process the outbound packet
[Transport] Node discovered: RODRIGO
[2026-03-02 13:18:17] [Error]    No interfaces could process the outbound packet
[2026-03-02 13:18:17] [Error]    No interfaces could process the outbound packet
[Transport] Sending packet to RODRIGO (122 bytes)...
[2026-03-02 13:18:23] [Error]    No interfaces could process the outbound packet
[2026-03-02 13:18:23] [Error]    No interfaces could process the outbound packet
[Transport] Sending packet to RODRIGO (122 bytes)...
[Transport] Sending packet to RODRIGO (122 bytes)...
[Transport] Sending packet to RODRIGO (122 bytes)...
[Transport] Sending packet to RODRIGO (122 bytes)...
[Transport] Sending packet to RODRIGO (122 bytes)...
[2026-03-02 13:18:48] [Error]    No interfaces could process the outbound packet
[Transport] Sending packet to RODRIGO (122 bytes)...
[Transport] Sending packet to RODRIGO (122 bytes)...
[2026-03-02 13:18:54] [Error]    No interfaces could process the outbound packet
[Transport] Sending packet to RODRIGO (122 bytes)...
[Transport] Sending packet to RODRIGO (120 bytes)...
[Transport] Sending packet to RODRIGO (120 bytes)...
[Transport] Sending packet to RODRIGO (119 bytes)...
[Transport] Sending packet to RODRIGO (118 bytes)...
[2026-03-02 13:19:20] [Error]    No interfaces could process the outbound packet
[2026-03-02 13:19:20] [Error]    No interfaces could process the outbound packet
[Transport] Node discovered: DESKTOP-GCO8VBA
[2026-03-02 13:19:23] [Error]    No interfaces could process the outbound packet
[2026-03-02 13:19:23] [Error]    No interfaces could process the outbound packet
[Transport] Sending packet to RODRIGO (120 bytes)...
[Transport] Sending packet to DESKTOP-GCO8VBA (120 bytes)...
[2026-03-02 13:19:26] [Error]    No interfaces could process the outbound packet
[2026-03-02 13:19:26] [Error]    No interfaces could process the outbound packet
[2026-03-02 13:19:26] [Error]    No interfaces could process the outbound packet
[2026-03-02 13:19:28] [Error]    No interfaces could process the outbound packet
[Transport] Sending packet to RODRIGO (120 bytes)...
[Transport] Sending packet to DESKTOP-GCO8VBA (120 bytes)...
[2026-03-02 13:19:29] [Error]    No interfaces could process the outbound packet
[2026-03-02 13:19:29] [Error]    No interfaces could process the outbound packet
[2026-03-02 13:19:29] [Error]    No interfaces could process the outbound packet
[2026-03-02 13:19:32] [Error]    No interfaces could process the outbound packet
[2026-03-02 13:19:32] [Error]    No interfaces could process the outbound packet
[Transport] Sending packet to RODRIGO (120 bytes)...
[Transport] Sending packet to DESKTOP-GCO8VBA (120 bytes)...
[2026-03-02 13:19:34] [Error]    No interfaces could process the outbound packet
[2026-03-02 13:19:34] [Error]    No interfaces could process the outbound packet
[2026-03-02 13:19:34] [Error]    No interfaces could process the outbound packet
[2026-03-02 13:19:34] [Error]    No interfaces could process the outbound packet
[2026-03-02 13:19:36] [Error]    No interfaces could process the outbound packet
[2026-03-02 13:19:36] [Error]    No interfaces could process the outbound packet
[2026-03-02 13:19:37] [Error]    No interfaces could process the outbound packet
[2026-03-02 13:19:38] [Error]    No interfaces could process the outbound packet
[Transport] Sending packet to RODRIGO (120 bytes)...
[Transport] Sending packet to DESKTOP-GCO8VBA (120 bytes)...
[2026-03-02 13:19:40] [Error]    No interfaces could process the outbound packet
[2026-03-02 13:19:40] [Error]    No interfaces could process the outbound packet
[2026-03-02 13:19:40] [Error]    No interfaces could process the outbound packet
[2026-03-02 13:19:42] [Error]    No interfaces could process the outbound packet
[Transport] Sending packet to RODRIGO (120 bytes)...
[Transport] Sending packet to DESKTOP-GCO8VBA (120 bytes)...
[Transport] Sending packet to RODRIGO (120 bytes)...
[Transport] Sending packet to DESKTOP-GCO8VBA (120 bytes)...
[Transport] Sending packet to RODRIGO (120 bytes)...
[Transport] Sending packet to DESKTOP-GCO8VBA (120 bytes)...
[Transport] Sending packet to RODRIGO (120 bytes)...
[Transport] Sending packet to DESKTOP-GCO8VBA (120 bytes)...
[Transport] Sending packet to RODRIGO (122 bytes)...
[Transport] Sending packet to DESKTOP-GCO8VBA (122 bytes)...
[Transport] Sending packet to RODRIGO (122 bytes)...
[Transport] Sending packet to DESKTOP-GCO8VBA (122 bytes)...
[Transport] Sending packet to RODRIGO (122 bytes)...
[Transport] Sending packet to DESKTOP-GCO8VBA (122 bytes)...
[Transport] Sending packet to RODRIGO (122 bytes)...
[Transport] Sending packet to DESKTOP-GCO8VBA (122 bytes)...
[2026-03-02 13:20:21] [Error]    No interfaces could process the outbound packet
[2026-03-02 13:20:23] [Error]    No interfaces could process the outbound packet
[Transport] Sending packet to RODRIGO (122 bytes)...
[Transport] Sending packet to DESKTOP-GCO8VBA (122 bytes)...
[Transport] Sending packet to RODRIGO (122 bytes)...
[Transport] Sending packet to DESKTOP-GCO8VBA (122 bytes)...
[Transport] Sending packet to RODRIGO (122 bytes)...
[Transport] Sending packet to DESKTOP-GCO8VBA (122 bytes)...
[2026-03-02 13:20:37] [Error]    No interfaces could process the outbound packet
[Transport] Sending packet to RODRIGO (122 bytes)...
[Transport] Sending packet to DESKTOP-GCO8VBA (122 bytes)...
[2026-03-02 13:20:41] [Error]    No interfaces could process the outbound packet
[2026-03-02 13:20:41] [Error]    No interfaces could process the outbound packet
[2026-03-02 13:20:44] [Error]    No interfaces could process the outbound packet
[Transport] Sending packet to RODRIGO (122 bytes)...
[Transport] Sending packet to DESKTOP-GCO8VBA (122 bytes)...
[2026-03-02 13:20:47] [Error]    No interfaces could process the outbound packet
[2026-03-02 13:20:48] [Error]    No interfaces could process the outbound packet
[2026-03-02 13:20:48] [Error]    No interfaces could process the outbound packet
[Transport] Sending packet to RODRIGO (122 bytes)...
[Transport] Sending packet to DESKTOP-GCO8VBA (122 bytes)...
[2026-03-02 13:20:53] [Error]    No interfaces could process the outbound packet
[2026-03-02 13:20:53] [Error]    No interfaces could process the outbound packet
[2026-03-02 13:20:54] [Error]    No interfaces could process the outbound packet
[2026-03-02 13:20:54] [Error]    No interfaces could process the outbound packet
[2026-03-02 13:20:54] [Error]    No interfaces could process the outbound packet
[2026-03-02 13:20:54] [Error]    No interfaces could process the outbound packet
[Transport] Sending packet to RODRIGO (122 bytes)...
[Transport] Sending packet to DESKTOP-GCO8VBA (122 bytes)...
[2026-03-02 13:20:59] [Error]    No interfaces could process the outbound packet
[Transport] Sending packet to RODRIGO (122 bytes)...
[Transport] Sending packet to DESKTOP-GCO8VBA (122 bytes)...
[2026-03-02 13:21:00] [Error]    No interfaces could process the outbound packet
[Transport] Sending packet to RODRIGO (122 bytes)...
[Transport] Sending packet to DESKTOP-GCO8VBA (122 bytes)...
[Transport] Sending packet to RODRIGO (122 bytes)...
[Transport] Sending packet to DESKTOP-GCO8VBA (122 bytes)...
[Transport] Sending packet to RODRIGO (122 bytes)...
[Transport] Sending packet to DESKTOP-GCO8VBA (122 bytes)...
[Transport] Sending packet to RODRIGO (122 bytes)...
[Transport] Sending packet to DESKTOP-GCO8VBA (122 bytes)...
[2026-03-02 13:21:22] [Error]    No interfaces could process the outbound packet
[2026-03-02 13:21:23] [Error]    No interfaces could process the outbound packet
[2026-03-02 13:21:23] [Error]    No interfaces could process the outbound packet
[2026-03-02 13:21:23] [Error]    No interfaces could process the outbound packet
[Transport] Sending packet to RODRIGO (122 bytes)...
[Transport] Sending packet to DESKTOP-GCO8VBA (122 bytes)...
[2026-03-02 13:21:28] [Error]    No interfaces could process the outbound packet
[2026-03-02 13:21:29] [Error]    No interfaces could process the outbound packet
[2026-03-02 13:21:29] [Error]    No interfaces could process the outbound packet
[Transport] Sending packet to RODRIGO (122 bytes)...
[Transport] Sending packet to DESKTOP-GCO8VBA (122 bytes)...
[Transport] Sending packet to RODRIGO (122 bytes)...
[Transport] Sending packet to DESKTOP-GCO8VBA (122 bytes)...
[2026-03-02 13:21:36] [Error]    No interfaces could process the outbound packet
[2026-03-02 13:21:39] [Error]    No interfaces could process the outbound packet
[Transport] Sending packet to RODRIGO (122 bytes)...
[Transport] Sending packet to DESKTOP-GCO8VBA (122 bytes)...
[Transport] Sending packet to RODRIGO (122 bytes)...
[Transport] Sending packet to DESKTOP-GCO8VBA (122 bytes)...
[2026-03-02 13:21:45] [Error]    No interfaces could process the outbound packet
[2026-03-02 13:21:46] [Error]    No interfaces could process the outbound packet
[Transport] Sending packet to RODRIGO (122 bytes)...
[Transport] Sending packet to DESKTOP-GCO8VBA (122 bytes)...
[Transport] Sending packet to RODRIGO (122 bytes)...
[Transport] Sending packet to DESKTOP-GCO8VBA (122 bytes)...
[2026-03-02 13:21:56] [Error]    No interfaces could process the outbound packet
[2026-03-02 13:21:56] [Error]    No interfaces could process the outbound packet
[2026-03-02 13:21:57] [Error]    No interfaces could process the outbound packet
[2026-03-02 13:21:59] [Error]    No interfaces could process the outbound packet
[2026-03-02 13:21:59] [Error]    No interfaces could process the outbound packet
[Transport] Sending packet to RODRIGO (122 bytes)...
[Transport] Sending packet to DESKTOP-GCO8VBA (122 bytes)...
[2026-03-02 13:22:00] [Error]    No interfaces could process the outbound packet
[2026-03-02 13:22:02] [Error]    No interfaces could process the outbound packet
[2026-03-02 13:22:02] [Error]    No interfaces could process the outbound packet
[2026-03-02 13:22:03] [Error]    No interfaces could process the outbound packet
[2026-03-02 13:22:03] [Error]    No interfaces could process the outbound packet
[Transport] Sending packet to RODRIGO (122 bytes)...
[Transport] Sending packet to DESKTOP-GCO8VBA (122 bytes)...
[2026-03-02 13:22:05] [Error]    No interfaces could process the outbound packet
[2026-03-02 13:22:09] [Error]    No interfaces could process the outbound packet
[Transport] Sending packet to RODRIGO (122 bytes)...
[Transport] Sending packet to DESKTOP-GCO8VBA (122 bytes)...
[Transport] Sending packet to RODRIGO (122 bytes)...
[Transport] Sending packet to DESKTOP-GCO8VBA (122 bytes)...
[2026-03-02 13:22:15] [Error]    No interfaces could process the outbound packet
[Transport] Sending packet to RODRIGO (122 bytes)...
[Transport] Sending packet to DESKTOP-GCO8VBA (122 bytes)...
[Transport] Sending packet to RODRIGO (122 bytes)...
[Transport] Sending packet to DESKTOP-GCO8VBA (122 bytes)...
[Transport] Sending packet to RODRIGO (122 bytes)...
[Transport] Sending packet to DESKTOP-GCO8VBA (122 bytes)...
[Transport] Sending packet to RODRIGO (122 bytes)...
[Transport] Sending packet to DESKTOP-GCO8VBA (122 bytes)...
[Transport] Sending packet to RODRIGO (122 bytes)...
[Transport] Sending packet to DESKTOP-GCO8VBA (122 bytes)...
[Transport] Sending packet to RODRIGO (122 bytes)...
[Transport] Sending packet to DESKTOP-GCO8VBA (122 bytes)...
[Transport] Sending packet to RODRIGO (122 bytes)...
[Transport] Sending packet to DESKTOP-GCO8VBA (122 bytes)...
[Transport] Sending packet to RODRIGO (122 bytes)...
[Transport] Sending packet to DESKTOP-GCO8VBA (122 bytes)...
[Transport] Sending packet to RODRIGO (122 bytes)...
[Transport] Sending packet to DESKTOP-GCO8VBA (122 bytes)...
[2026-03-02 13:23:02] [Error]    No interfaces could process the outbound packet
[Transport] Sending packet to RODRIGO (122 bytes)...
[Transport] Sending packet to DESKTOP-GCO8VBA (122 bytes)...
[2026-03-02 13:23:08] [Error]    No interfaces could process the outbound packet
[2026-03-02 13:23:08] [Error]    No interfaces could process the outbound packet
[2026-03-02 13:23:08] [Error]    No interfaces could process the outbound packet
[2026-03-02 13:23:08] [Error]    No interfaces could process the outbound packet
[2026-03-02 13:23:08] [Error]    No interfaces could process the outbound packet
[2026-03-02 13:23:08] [Error]    No interfaces could process the outbound packet
[2026-03-02 13:23:09] [Error]    No interfaces could process the outbound packet
[2026-03-02 13:23:09] [Error]    No interfaces could process the outbound packet
[2026-03-02 13:23:09] [Error]    No interfaces could process the outbound packet
[Transport] Sending packet to RODRIGO (122 bytes)...
[Transport] Sending packet to DESKTOP-GCO8VBA (122 bytes)...
[2026-03-02 13:23:10] [Error]    No interfaces could process the outbound packet
[2026-03-02 13:23:10] [Error]    No interfaces could process the outbound packet
[2026-03-02 13:23:10] [Error]    No interfaces could process the outbound packet
[2026-03-02 13:23:10] [Error]    No interfaces could process the outbound packet
[2026-03-02 13:23:10] [Error]    No interfaces could process the outbound packet
[2026-03-02 13:23:10] [Error]    No interfaces could process the outbound packet
[2026-03-02 13:23:10] [Error]    No interfaces could process the outbound packet
[2026-03-02 13:23:10] [Error]    No interfaces could process the outbound packet
[2026-03-02 13:23:15] [Error]    No interfaces could process the outbound packet
[2026-03-02 13:23:15] [Error]    No interfaces could process the outbound packet
[2026-03-02 13:23:15] [Error]    No interfaces could process the outbound packet
[Transport] Sending packet to RODRIGO (122 bytes)...
[Transport] Sending packet to DESKTOP-GCO8VBA (122 bytes)...
[2026-03-02 13:23:16] [Error]    No interfaces could process the outbound packet
[2026-03-02 13:23:16] [Error]    No interfaces could process the outbound packet
[2026-03-02 13:23:16] [Error]    No interfaces could process the outbound packet
[2026-03-02 13:23:17] [Error]    No interfaces could process the outbound packet
[2026-03-02 13:23:17] [Error]    No interfaces could process the outbound packet
[2026-03-02 13:23:17] [Error]    No interfaces could process the outbound packet
[2026-03-02 13:23:17] [Error]    No interfaces could process the outbound packet
[2026-03-02 13:23:17] [Error]    No interfaces could process the outbound packet
[2026-03-02 13:23:17] [Error]    No interfaces could process the outbound packet
[2026-03-02 13:23:17] [Error]    No interfaces could process the outbound packet
[Transport] Sending packet to RODRIGO (122 bytes)...
[Transport] Sending packet to DESKTOP-GCO8VBA (122 bytes)...
[2026-03-02 13:23:23] [Error]    No interfaces could process the outbound packet
[Transport] Sending packet to RODRIGO (122 bytes)...
[Transport] Sending packet to DESKTOP-GCO8VBA (122 bytes)...
[2026-03-02 13:23:28] [Error]    No interfaces could process the outbound packet
[2026-03-02 13:23:29] [Error]    No interfaces could process the outbound packet
[Transport] Sending packet to RODRIGO (122 bytes)...
[Transport] Sending packet to DESKTOP-GCO8VBA (122 bytes)...
[2026-03-02 13:23:34] [Error]    No interfaces could process the outbound packet
[Transport] Sending packet to RODRIGO (122 bytes)...
[Transport] Sending packet to DESKTOP-GCO8VBA (122 bytes)...
[2026-03-02 13:23:38] [Warning]  An interface error occurred for TCPInterface[RNS Transport US East/45.77.109.86:4965], the contained exception was: [WinError 10060] A connection attempt failed because the connected party did not properly respond after a period of time, or established connection failed because connected host has failed to respond
[2026-03-02 13:23:38] [Warning]  Attempting to reconnect...
[Transport] Sending packet to RODRIGO (122 bytes)...
[Transport] Sending packet to DESKTOP-GCO8VBA (122 bytes)...
[2026-03-02 13:23:44] [Info]     Reconnected socket for TCPInterface[RNS Transport US East/45.77.109.86:4965].
[Transport] Sending packet to RODRIGO (122 bytes)...
[Transport] Sending packet to DESKTOP-GCO8VBA (122 bytes)...
[2026-03-02 13:23:47] [Error]    No interfaces could process the outbound packet
[2026-03-02 13:23:49] [Error]    No interfaces could process the outbound packet
[Transport] Sending packet to RODRIGO (122 bytes)...
[Transport] Sending packet to DESKTOP-GCO8VBA (122 bytes)...
[2026-03-02 13:23:53] [Error]    No interfaces could process the outbound packet
[2026-03-02 13:23:53] [Error]    No interfaces could process the outbound packet
[2026-03-02 13:23:53] [Error]    No interfaces could process the outbound packet
[2026-03-02 13:23:55] [Error]    No interfaces could process the outbound packet
[Transport] Sending packet to RODRIGO (122 bytes)...
[Transport] Sending packet to DESKTOP-GCO8VBA (122 bytes)...
[2026-03-02 13:23:56] [Error]    No interfaces could process the outbound packet
[2026-03-02 13:23:59] [Error]    No interfaces could process the outbound packet
[Transport] Sending packet to RODRIGO (122 bytes)...
[Transport] Sending packet to DESKTOP-GCO8VBA (122 bytes)...
[Transport] Sending packet to RODRIGO (122 bytes)...
[Transport] Sending packet to DESKTOP-GCO8VBA (122 bytes)...
[Transport] Sending packet to RODRIGO (122 bytes)...
[Transport] Sending packet to DESKTOP-GCO8VBA (122 bytes)...
[Transport] Sending packet to RODRIGO (122 bytes)...
[Transport] Sending packet to DESKTOP-GCO8VBA (122 bytes)...
[Transport] Sending packet to RODRIGO (122 bytes)...
[Transport] Sending packet to DESKTOP-GCO8VBA (122 bytes)...
[2026-03-02 13:24:22] [Error]    No interfaces could process the outbound packet
[Transport] Sending packet to RODRIGO (122 bytes)...
[Transport] Sending packet to DESKTOP-GCO8VBA (122 bytes)...
[2026-03-02 13:24:28] [Error]    No interfaces could process the outbound packet
[Transport] Sending packet to RODRIGO (122 bytes)...
[Transport] Sending packet to DESKTOP-GCO8VBA (122 bytes)...
[2026-03-02 13:24:31] [Error]    No interfaces could process the outbound packet
[2026-03-02 13:24:34] [Error]    No interfaces could process the outbound packet
[2026-03-02 13:24:34] [Error]    No interfaces could process the outbound packet
[2026-03-02 13:24:34] [Error]    No interfaces could process the outbound packet
[Transport] Sending packet to RODRIGO (122 bytes)...
[Transport] Sending packet to DESKTOP-GCO8VBA (122 bytes)...
[2026-03-02 13:24:37] [Error]    No interfaces could process the outbound packet
[Transport] Sending packet to RODRIGO (122 bytes)...
[Transport] Sending packet to DESKTOP-GCO8VBA (122 bytes)...
[2026-03-02 13:24:40] [Error]    No interfaces could process the outbound packet
[2026-03-02 13:24:40] [Error]    No interfaces could process the outbound packet
[2026-03-02 13:24:43] [Error]    No interfaces could process the outbound packet
[Transport] Sending packet to RODRIGO (122 bytes)...
[Transport] Sending packet to DESKTOP-GCO8VBA (122 bytes)...
[2026-03-02 13:24:47] [Error]    No interfaces could process the outbound packet
[2026-03-02 13:24:47] [Error]    No interfaces could process the outbound packet
[2026-03-02 13:24:47] [Error]    No interfaces could process the outbound packet
[2026-03-02 13:24:49] [Error]    No interfaces could process the outbound packet
[2026-03-02 13:24:49] [Error]    No interfaces could process the outbound packet
[Transport] Sending packet to RODRIGO (122 bytes)...
[Transport] Sending packet to DESKTOP-GCO8VBA (122 bytes)...
[2026-03-02 13:24:53] [Error]    No interfaces could process the outbound packet
[2026-03-02 13:24:53] [Error]    No interfaces could process the outbound packet
[2026-03-02 13:24:53] [Error]    No interfaces could process the outbound packet
[Transport] Sending packet to RODRIGO (122 bytes)...
[Transport] Sending packet to DESKTOP-GCO8VBA (122 bytes)...
[Transport] Sending packet to RODRIGO (122 bytes)...
[Transport] Sending packet to DESKTOP-GCO8VBA (122 bytes)...
[Transport] Sending packet to RODRIGO (122 bytes)...
[Transport] Sending packet to DESKTOP-GCO8VBA (122 bytes)...
[2026-03-02 13:25:09] [Error]    No interfaces could process the outbound packet
[Transport] Sending packet to RODRIGO (122 bytes)...
[Transport] Sending packet to DESKTOP-GCO8VBA (122 bytes)...
Starting swarm pipeline for: explain autism in depth
[Orchestrator] Starting ComoRAG Reasoning Cycle for: explain autism in depth
[Orchestrator] Iteration 1/5
[2026-03-02 13:25:12] [Error]    No interfaces could process the outbound packet
[2026-03-02 13:25:15] [Error]    No interfaces could process the outbound packet
[Transport] Sending packet to RODRIGO (122 bytes)...
[Transport] Sending packet to DESKTOP-GCO8VBA (122 bytes)...
[2026-03-02 13:25:16] [Error]    No interfaces could process the outbound packet
[2026-03-02 13:25:18] [Error]    No interfaces could process the outbound packet
[Transport] Sending packet to RODRIGO (122 bytes)...
[Transport] Sending packet to DESKTOP-GCO8VBA (122 bytes)...
[2026-03-02 13:25:21] [Error]    No interfaces could process the outbound packet
[2026-03-02 13:25:21] [Error]    No interfaces could process the outbound packet
[2026-03-02 13:25:22] [Error]    No interfaces could process the outbound packet
[2026-03-02 13:25:23] [Error]    No interfaces could process the outbound packet
[2026-03-02 13:25:23] [Error]    No interfaces could process the outbound packet
[Transport] Sending packet to RODRIGO (120 bytes)...
[Transport] Sending packet to DESKTOP-GCO8VBA (120 bytes)...
[2026-03-02 13:25:28] [Error]    No interfaces could process the outbound packet
[2026-03-02 13:25:29] [Error]    No interfaces could process the outbound packet
[Transport] Sending packet to RODRIGO (122 bytes)...
[Transport] Sending packet to DESKTOP-GCO8VBA (122 bytes)...
[2026-03-02 13:25:33] [Error]    No interfaces could process the outbound packet
[Transport] Sending packet to RODRIGO (122 bytes)...
[Transport] Sending packet to DESKTOP-GCO8VBA (122 bytes)...
[2026-03-02 13:25:39] [Error]    No interfaces could process the outbound packet
[Transport] Sending packet to RODRIGO (122 bytes)...
[Transport] Sending packet to DESKTOP-GCO8VBA (122 bytes)...
[2026-03-02 13:25:41] [Error]    No interfaces could process the outbound packet
[Transport] Sending packet to RODRIGO (122 bytes)...
[Transport] Sending packet to DESKTOP-GCO8VBA (122 bytes)...
[Transport] Sending packet to RODRIGO (122 bytes)...
[Transport] Sending packet to DESKTOP-GCO8VBA (122 bytes)...
[2026-03-02 13:25:51] [Error]    No interfaces could process the outbound packet
[2026-03-02 13:25:53] [Error]    No interfaces could process the outbound packet
[2026-03-02 13:25:53] [Error]    No interfaces could process the outbound packet
[2026-03-02 13:25:53] [Error]    No interfaces could process the outbound packet
[Transport] Sending packet to RODRIGO (122 bytes)...
[Transport] Sending packet to DESKTOP-GCO8VBA (122 bytes)...
[Transport] Sending packet to RODRIGO (122 bytes)...
[Transport] Sending packet to DESKTOP-GCO8VBA (122 bytes)...
[2026-03-02 13:26:05] [Error]    No interfaces could process the outbound packet
[Transport] Sending packet to RODRIGO (122 bytes)...
[Transport] Sending packet to DESKTOP-GCO8VBA (122 bytes)...
[Transport] Sending packet to RODRIGO (122 bytes)...
[Transport] Sending packet to DESKTOP-GCO8VBA (122 bytes)...
[2026-03-02 13:26:11] [Error]    No interfaces could process the outbound packet
[Transport] Sending packet to RODRIGO (122 bytes)...
[Transport] Sending packet to DESKTOP-GCO8VBA (122 bytes)...
[2026-03-02 13:26:18] [Error]    No interfaces could process the outbound packet
[2026-03-02 13:26:20] [Error]    No interfaces could process the outbound packet
[Transport] Sending packet to RODRIGO (122 bytes)...
[Transport] Sending packet to DESKTOP-GCO8VBA (122 bytes)...
[2026-03-02 13:26:24] [Error]    No interfaces could process the outbound packet
[2026-03-02 13:26:25] [Error]    No interfaces could process the outbound packet
[Transport] Sending packet to RODRIGO (122 bytes)...
[Transport] Sending packet to DESKTOP-GCO8VBA (122 bytes)...
[2026-03-02 13:26:26] [Error]    No interfaces could process the outbound packet
[2026-03-02 13:26:27] [Error]    No interfaces could process the outbound packet
[2026-03-02 13:26:27] [Warning]  An interface error occurred for TCPInterface[RNS Transport US East/45.77.109.86:4965], the contained exception was: [WinError 10060] A connection attempt failed because the connected party did not properly respond after a period of time, or established connection failed because connected host has failed to respond
[2026-03-02 13:26:27] [Warning]  Attempting to reconnect...
[2026-03-02 13:26:29] [Error]    No interfaces could process the outbound packet
[2026-03-02 13:26:29] [Error]    No interfaces could process the outbound packet
[2026-03-02 13:26:29] [Error]    No interfaces could process the outbound packet
[2026-03-02 13:26:30] [Error]    No interfaces could process the outbound packet
[Transport] Sending packet to RODRIGO (122 bytes)...
[Transport] Sending packet to DESKTOP-GCO8VBA (122 bytes)...
[2026-03-02 13:26:31] [Error]    No interfaces could process the outbound packet
[2026-03-02 13:26:31] [Error]    No interfaces could process the outbound packet
[2026-03-02 13:26:33] [Error]    No interfaces could process the outbound packet
[2026-03-02 13:26:33] [Error]    No interfaces could process the outbound packet
[2026-03-02 13:26:33] [Error]    No interfaces could process the outbound packet
[2026-03-02 13:26:35] [Error]    No interfaces could process the outbound packet
[2026-03-02 13:26:35] [Error]    No interfaces could process the outbound packet
[Transport] Sending packet to RODRIGO (122 bytes)...
[Transport] Sending packet to DESKTOP-GCO8VBA (122 bytes)...
[2026-03-02 13:26:37] [Error]    No interfaces could process the outbound packet
[2026-03-02 13:26:37] [Error]    No interfaces could process the outbound packet
[2026-03-02 13:26:37] [Error]    No interfaces could process the outbound packet
[2026-03-02 13:26:38] [Error]    No interfaces could process the outbound packet
[2026-03-02 13:26:39] [Error]    No interfaces could process the outbound packet
[2026-03-02 13:26:39] [Error]    No interfaces could process the outbound packet
[2026-03-02 13:26:39] [Error]    No interfaces could process the outbound packet
[2026-03-02 13:26:39] [Error]    No interfaces could process the outbound packet
[Transport] Sending packet to RODRIGO (122 bytes)...
[Transport] Sending packet to DESKTOP-GCO8VBA (122 bytes)...
[2026-03-02 13:26:43] [Error]    No interfaces could process the outbound packet
[2026-03-02 13:26:45] [Error]    No interfaces could process the outbound packet
[Transport] Sending packet to RODRIGO (122 bytes)...
[Transport] Sending packet to DESKTOP-GCO8VBA (122 bytes)...
[Transport] Sending packet to RODRIGO (122 bytes)...
[Transport] Sending packet to DESKTOP-GCO8VBA (122 bytes)...
[2026-03-02 13:26:51] [Error]    No interfaces could process the outbound packet
[2026-03-02 13:26:53] [Error]    No interfaces could process the outbound packet
[2026-03-02 13:26:53] [Error]    No interfaces could process the outbound packet
[Transport] Sending packet to RODRIGO (122 bytes)...
[Transport] Sending packet to DESKTOP-GCO8VBA (122 bytes)...
[2026-03-02 13:26:56] [Info]     Reconnected socket for TCPInterface[RNS Transport US East/45.77.109.86:4965].
[2026-03-02 13:26:57] [Error]    No interfaces could process the outbound packet
[2026-03-02 13:26:59] [Error]    No interfaces could process the outbound packet
[Transport] Sending packet to RODRIGO (122 bytes)...
[Transport] Sending packet to DESKTOP-GCO8VBA (122 bytes)...
[Transport] Sending packet to RODRIGO (122 bytes)...
[Transport] Sending packet to DESKTOP-GCO8VBA (122 bytes)...
[Transport] Sending packet to RODRIGO (122 bytes)...
[Transport] Sending packet to DESKTOP-GCO8VBA (122 bytes)...
[2026-03-02 13:27:11] [Error]    No interfaces could process the outbound packet
[Transport] Sending packet to RODRIGO (122 bytes)...
[Transport] Sending packet to DESKTOP-GCO8VBA (122 bytes)...
[2026-03-02 13:27:17] [Error]    No interfaces could process the outbound packet
[Transport] Sending packet to RODRIGO (122 bytes)...
[Transport] Sending packet to DESKTOP-GCO8VBA (122 bytes)...
[Transport] Sending packet to RODRIGO (122 bytes)...
[Transport] Sending packet to DESKTOP-GCO8VBA (122 bytes)...
[2026-03-02 13:27:28] [Error]    No interfaces could process the outbound packet
[Transport] Sending packet to RODRIGO (122 bytes)...
[Transport] Sending packet to DESKTOP-GCO8VBA (122 bytes)...
[2026-03-02 13:27:32] [Warning]  An interface error occurred for TCPInterface[RNS Transport US East/45.77.109.86:4965], the contained exception was: [WinError 10060] A connection attempt failed because the connected party did not properly respond after a period of time, or established connection failed because connected host has failed to respond
[2026-03-02 13:27:32] [Warning]  Attempting to reconnect...
[2026-03-02 13:27:33] [Error]    No interfaces could process the outbound packet
[2026-03-02 13:27:34] [Error]    No interfaces could process the outbound packet
[Transport] Sending packet to RODRIGO (122 bytes)...
[Transport] Sending packet to DESKTOP-GCO8VBA (122 bytes)...
[2026-03-02 13:27:40] [Error]    No interfaces could process the outbound packet
[2026-03-02 13:27:40] [Error]    No interfaces could process the outbound packet
[2026-03-02 13:27:40] [Error]    No interfaces could process the outbound packet
[2026-03-02 13:27:40] [Error]    No interfaces could process the outbound packet
[Transport] Sending packet to RODRIGO (122 bytes)...
[Transport] Sending packet to DESKTOP-GCO8VBA (122 bytes)...
[2026-03-02 13:27:46] [Error]    No interfaces could process the outbound packet
[Transport] Sending packet to RODRIGO (122 bytes)...
[Transport] Sending packet to DESKTOP-GCO8VBA (122 bytes)...
[2026-03-02 13:27:48] [Error]    No interfaces could process the outbound packet
[Transport] Sending packet to RODRIGO (122 bytes)...
[Transport] Sending packet to DESKTOP-GCO8VBA (122 bytes)...
[2026-03-02 13:27:54] [Error]    No interfaces could process the outbound packet
[2026-03-02 13:27:54] [Error]    No interfaces could process the outbound packet
[Transport] Sending packet to RODRIGO (122 bytes)...
[Transport] Sending packet to DESKTOP-GCO8VBA (122 bytes)...
[2026-03-02 13:27:57] [Error]    No interfaces could process the outbound packet
[Transport] Sending packet to RODRIGO (122 bytes)...
[Transport] Sending packet to DESKTOP-GCO8VBA (122 bytes)...
[2026-03-02 13:28:02] [Error]    No interfaces could process the outbound packet
[2026-03-02 13:28:03] [Error]    No interfaces could process the outbound packet
[Transport] Sending packet to RODRIGO (122 bytes)...
[Transport] Sending packet to DESKTOP-GCO8VBA (122 bytes)...
[Transport] Sending packet to RODRIGO (122 bytes)...
[Transport] Sending packet to DESKTOP-GCO8VBA (122 bytes)...
[Transport] Sending packet to RODRIGO (122 bytes)...
[Transport] Sending packet to DESKTOP-GCO8VBA (122 bytes)...
[Transport] Sending packet to RODRIGO (122 bytes)...
[Transport] Sending packet to DESKTOP-GCO8VBA (122 bytes)...
[Transport] Sending packet to RODRIGO (122 bytes)...
[Transport] Sending packet to DESKTOP-GCO8VBA (122 bytes)...
[Transport] Sending packet to RODRIGO (122 bytes)...
[Transport] Sending packet to DESKTOP-GCO8VBA (122 bytes)...
[Transport] Sending packet to RODRIGO (122 bytes)...
[Transport] Sending packet to DESKTOP-GCO8VBA (122 bytes)...
[Transport] Sending packet to RODRIGO (122 bytes)...
[Transport] Sending packet to DESKTOP-GCO8VBA (122 bytes)...
[Transport] Sending packet to RODRIGO (122 bytes)...
[Transport] Sending packet to DESKTOP-GCO8VBA (122 bytes)...
[Transport] Sending packet to RODRIGO (122 bytes)...
[Transport] Sending packet to DESKTOP-GCO8VBA (122 bytes)...
[Transport] Sending packet to RODRIGO (122 bytes)...
[Transport] Sending packet to DESKTOP-GCO8VBA (122 bytes)...
[2026-03-02 13:28:56] [Error]    No interfaces could process the outbound packet
[2026-03-02 13:28:56] [Error]    No interfaces could process the outbound packet
[2026-03-02 13:28:56] [Error]    No interfaces could process the outbound packet
[2026-03-02 13:28:56] [Error]    No interfaces could process the outbound packet
[2026-03-02 13:28:56] [Error]    No interfaces could process the outbound packet
[2026-03-02 13:28:56] [Error]    No interfaces could process the outbound packet
[2026-03-02 13:28:56] [Error]    No interfaces could process the outbound packet
[2026-03-02 13:28:56] [Error]    No interfaces could process the outbound packet
[2026-03-02 13:28:56] [Error]    No interfaces could process the outbound packet
[2026-03-02 13:28:56] [Error]    No interfaces could process the outbound packet
[2026-03-02 13:28:56] [Error]    No interfaces could process the outbound packet
[2026-03-02 13:28:56] [Error]    No interfaces could process the outbound packet
[2026-03-02 13:28:57] [Error]    No interfaces could process the outbound packet
[2026-03-02 13:28:57] [Error]    No interfaces could process the outbound packet
[2026-03-02 13:28:57] [Error]    No interfaces could process the outbound packet
[2026-03-02 13:28:57] [Error]    No interfaces could process the outbound packet
[2026-03-02 13:28:57] [Error]    No interfaces could process the outbound packet
[2026-03-02 13:28:57] [Error]    No interfaces could process the outbound packet
[2026-03-02 13:28:58] [Error]    No interfaces could process the outbound packet
[Orchestrator] No new probes. Stopping.
[Orchestrator] Max iterations reached. Synthesizing final answer...
[Transport] Sending packet to RODRIGO (122 bytes)...
[Transport] Sending packet to DESKTOP-GCO8VBA (122 bytes)...
[2026-03-02 13:29:02] [Error]    No interfaces could process the outbound packet
[2026-03-02 13:29:02] [Error]    No interfaces could process the outbound packet
[2026-03-02 13:29:02] [Error]    No interfaces could process the outbound packet
[2026-03-02 13:29:02] [Error]    No interfaces could process the outbound packet
[2026-03-02 13:29:02] [Error]    No interfaces could process the outbound packet
[2026-03-02 13:29:02] [Error]    No interfaces could process the outbound packet
[2026-03-02 13:29:02] [Error]    No interfaces could process the outbound packet
[2026-03-02 13:29:02] [Error]    No interfaces could process the outbound packet
[2026-03-02 13:29:02] [Error]    No interfaces could process the outbound packet
[2026-03-02 13:29:02] [Error]    No interfaces could process the outbound packet
[2026-03-02 13:29:02] [Error]    No interfaces could process the outbound packet
[2026-03-02 13:29:02] [Error]    No interfaces could process the outbound packet
[2026-03-02 13:29:03] [Error]    No interfaces could process the outbound packet
[2026-03-02 13:29:03] [Error]    No interfaces could process the outbound packet
[2026-03-02 13:29:03] [Error]    No interfaces could process the outbound packet
[2026-03-02 13:29:03] [Error]    No interfaces could process the outbound packet
[2026-03-02 13:29:03] [Error]    No interfaces could process the outbound packet
[2026-03-02 13:29:03] [Error]    No interfaces could process the outbound packet
[2026-03-02 13:29:04] [Error]    No interfaces could process the outbound packet
[Transport] Sending packet to RODRIGO (122 bytes)...
[Transport] Sending packet to DESKTOP-GCO8VBA (122 bytes)...
[Transport] Sending packet to RODRIGO (122 bytes)...
[Transport] Sending packet to DESKTOP-GCO8VBA (122 bytes)...
[2026-03-02 13:29:11] [Error]    No interfaces could process the outbound packet
[2026-03-02 13:29:12] [Error]    No interfaces could process the outbound packet
[Transport] Sending packet to RODRIGO (122 bytes)...
[Transport] Sending packet to DESKTOP-GCO8VBA (122 bytes)...
[2026-03-02 13:29:18] [Error]    No interfaces could process the outbound packet
[Transport] Sending packet to RODRIGO (120 bytes)...
[Transport] Sending packet to DESKTOP-GCO8VBA (120 bytes)...
[2026-03-02 13:29:23] [Error]    No interfaces could process the outbound packet
[2026-03-02 13:29:23] [Error]    No interfaces could process the outbound packet
[Transport] Sending packet to RODRIGO (120 bytes)...
[Transport] Sending packet to DESKTOP-GCO8VBA (120 bytes)...
[2026-03-02 13:29:28] [Error]    No interfaces could process the outbound packet
[2026-03-02 13:29:29] [Error]    No interfaces could process the outbound packet
[2026-03-02 13:29:29] [Error]    No interfaces could process the outbound packet
[Transport] Sending packet to RODRIGO (122 bytes)...
[Transport] Sending packet to DESKTOP-GCO8VBA (122 bytes)...
[2026-03-02 13:29:34] [Error]    No interfaces could process the outbound packet
[2026-03-02 13:29:35] [Error]    No interfaces could process the outbound packet
[Transport] Sending packet to RODRIGO (122 bytes)...
[Transport] Sending packet to DESKTOP-GCO8VBA (122 bytes)...
[2026-03-02 13:29:39] [Info]     Reconnected socket for TCPInterface[RNS Transport US East/45.77.109.86:4965].
[2026-03-02 13:29:41] [Warning]  An interface error occurred for TCPInterface[RNS Transport US East/45.77.109.86:4965], the contained exception was: [WinError 10054] An existing connection was forcibly closed by the remote host
[2026-03-02 13:29:41] [Warning]  Attempting to reconnect...
[Transport] Sending packet to RODRIGO (122 bytes)...
[Transport] Sending packet to DESKTOP-GCO8VBA (122 bytes)...
[2026-03-02 13:29:42] [Error]    No interfaces could process the outbound packet
[Transport] Sending packet to RODRIGO (122 bytes)...
[Transport] Sending packet to DESKTOP-GCO8VBA (122 bytes)...
[2026-03-02 13:29:48] [Error]    No interfaces could process the outbound packet
[2026-03-02 13:29:48] [Error]    No interfaces could process the outbound packet
[Transport] Sending packet to RODRIGO (122 bytes)...
[Transport] Sending packet to DESKTOP-GCO8VBA (122 bytes)...
[2026-03-02 13:29:54] [Error]    No interfaces could process the outbound packet
[2026-03-02 13:29:54] [Error]    No interfaces could process the outbound packet
[2026-03-02 13:29:55] [Error]    No interfaces could process the outbound packet
[Transport] Sending packet to RODRIGO (122 bytes)...
[Transport] Sending packet to DESKTOP-GCO8VBA (122 bytes)...
[2026-03-02 13:29:59] [Error]    No interfaces could process the outbound packet
[2026-03-02 13:30:00] [Error]    No interfaces could process the outbound packet
[Transport] Sending packet to RODRIGO (122 bytes)...
[Transport] Sending packet to DESKTOP-GCO8VBA (122 bytes)...
[2026-03-02 13:30:02] [Error]    No interfaces could process the outbound packet
[2026-03-02 13:30:03] [Error]    No interfaces could process the outbound packet
[2026-03-02 13:30:03] [Error]    No interfaces could process the outbound packet
[2026-03-02 13:30:04] [Error]    No interfaces could process the outbound packet
[2026-03-02 13:30:05] [Error]    No interfaces could process the outbound packet
[Transport] Sending packet to RODRIGO (122 bytes)...
[Transport] Sending packet to DESKTOP-GCO8VBA (122 bytes)...
[2026-03-02 13:30:08] [Error]    No interfaces could process the outbound packet
[2026-03-02 13:30:09] [Error]    No interfaces could process the outbound packet
[2026-03-02 13:30:09] [Error]    No interfaces could process the outbound packet
[Transport] Sending packet to RODRIGO (122 bytes)...
[Transport] Sending packet to DESKTOP-GCO8VBA (122 bytes)...
[Transport] Sending packet to RODRIGO (122 bytes)...
[Transport] Sending packet to DESKTOP-GCO8VBA (122 bytes)...
[2026-03-02 13:30:19] [Error]    No interfaces could process the outbound packet
[Transport] Sending packet to RODRIGO (122 bytes)...
[Transport] Sending packet to DESKTOP-GCO8VBA (122 bytes)...
[2026-03-02 13:30:24] [Error]    No interfaces could process the outbound packet
[2026-03-02 13:30:24] [Error]    No interfaces could process the outbound packet
[Transport] Sending packet to RODRIGO (122 bytes)...
[Transport] Sending packet to DESKTOP-GCO8VBA (122 bytes)...
[2026-03-02 13:30:30] [Error]    No interfaces could process the outbound packet
[Transport] Sending packet to RODRIGO (122 bytes)...
[Transport] Sending packet to DESKTOP-GCO8VBA (122 bytes)...
[2026-03-02 13:30:36] [Error]    No interfaces could process the outbound packet
[Transport] Sending packet to RODRIGO (122 bytes)...
[Transport] Sending packet to DESKTOP-GCO8VBA (122 bytes)...
[Transport] Sending packet to RODRIGO (122 bytes)...
[Transport] Sending packet to DESKTOP-GCO8VBA (122 bytes)...
[2026-03-02 13:30:43] [Error]    No interfaces could process the outbound packet
[Transport] Sending packet to RODRIGO (122 bytes)...
[Transport] Sending packet to DESKTOP-GCO8VBA (122 bytes)...
[2026-03-02 13:30:47] [Error]    No interfaces could process the outbound packet
[2026-03-02 13:30:49] [Error]    No interfaces could process the outbound packet
[2026-03-02 13:30:51] [Error]    No interfaces could process the outbound packet
[2026-03-02 13:30:51] [Error]    No interfaces could process the outbound packet
[Transport] Sending packet to RODRIGO (122 bytes)...
[Transport] Sending packet to DESKTOP-GCO8VBA (122 bytes)...
[2026-03-02 13:30:53] [Error]    No interfaces could process the outbound packet
[2026-03-02 13:30:53] [Error]    No interfaces could process the outbound packet
[Transport] Sending packet to RODRIGO (122 bytes)...
[Transport] Sending packet to DESKTOP-GCO8VBA (122 bytes)...
[2026-03-02 13:30:57] [Error]    No interfaces could process the outbound packet
[2026-03-02 13:30:57] [Error]    No interfaces could process the outbound packet
[Transport] Sending packet to RODRIGO (122 bytes)...
[Transport] Sending packet to DESKTOP-GCO8VBA (122 bytes)...
[2026-03-02 13:31:05] [Error]    No interfaces could process the outbound packet
[Transport] Sending packet to RODRIGO (122 bytes)...
[Transport] Sending packet to DESKTOP-GCO8VBA (122 bytes)...
[2026-03-02 13:31:09] [Error]    No interfaces could process the outbound packet
[2026-03-02 13:31:09] [Error]    No interfaces could process the outbound packet
[2026-03-02 13:31:09] [Error]    No interfaces could process the outbound packet
[2026-03-02 13:31:11] [Error]    No interfaces could process the outbound packet
[2026-03-02 13:31:11] [Error]    No interfaces could process the outbound packet
[Transport] Sending packet to RODRIGO (122 bytes)...
[Transport] Sending packet to DESKTOP-GCO8VBA (122 bytes)...
[2026-03-02 13:31:12] [Error]    No interfaces could process the outbound packet
[2026-03-02 13:31:15] [Error]    No interfaces could process the outbound packet
[2026-03-02 13:31:15] [Error]    No interfaces could process the outbound packet
[Transport] Sending packet to RODRIGO (122 bytes)...
[Transport] Sending packet to DESKTOP-GCO8VBA (122 bytes)...
[2026-03-02 13:31:18] [Error]    No interfaces could process the outbound packet
[2026-03-02 13:31:21] [Error]    No interfaces could process the outbound packet
[Transport] Sending packet to RODRIGO (122 bytes)...
[Transport] Sending packet to DESKTOP-GCO8VBA (122 bytes)...
[2026-03-02 13:31:22] [Error]    No interfaces could process the outbound packet
[2026-03-02 13:31:22] [Error]    No interfaces could process the outbound packet
[2026-03-02 13:31:22] [Error]    No interfaces could process the outbound packet
[2026-03-02 13:31:22] [Error]    No interfaces could process the outbound packet
[2026-03-02 13:31:22] [Error]    No interfaces could process the outbound packet
[2026-03-02 13:31:23] [Error]    No interfaces could process the outbound packet
[2026-03-02 13:31:26] [Error]    No interfaces could process the outbound packet
[2026-03-02 13:31:26] [Error]    No interfaces could process the outbound packet
[2026-03-02 13:31:26] [Error]    No interfaces could process the outbound packet
[Transport] Sending packet to RODRIGO (122 bytes)...
[Transport] Sending packet to DESKTOP-GCO8VBA (122 bytes)...
[2026-03-02 13:31:27] [Error]    No interfaces could process the outbound packet
[2026-03-02 13:31:27] [Error]    No interfaces could process the outbound packet
[2026-03-02 13:31:28] [Error]    No interfaces could process the outbound packet
[2026-03-02 13:31:28] [Error]    No interfaces could process the outbound packet
[2026-03-02 13:31:29] [Error]    No interfaces could process the outbound packet
[2026-03-02 13:31:29] [Error]    No interfaces could process the outbound packet
[2026-03-02 13:31:29] [Error]    No interfaces could process the outbound packet
[2026-03-02 13:31:30] [Error]    No interfaces could process the outbound packet
[Transport] Sending packet to RODRIGO (120 bytes)...
[Transport] Sending packet to DESKTOP-GCO8VBA (120 bytes)...
[2026-03-02 13:31:33] [Error]    No interfaces could process the outbound packet
[2026-03-02 13:31:34] [Error]    No interfaces could process the outbound packet
[2026-03-02 13:31:34] [Error]    No interfaces could process the outbound packet
[2026-03-02 13:31:36] [Error]    No interfaces could process the outbound packet
[2026-03-02 13:31:36] [Error]    No interfaces could process the outbound packet
[Transport] Sending packet to RODRIGO (122 bytes)...
[Transport] Sending packet to DESKTOP-GCO8VBA (122 bytes)...
[2026-03-02 13:31:37] [Error]    No interfaces could process the outbound packet
[2026-03-02 13:31:38] [Error]    No interfaces could process the outbound packet
[2026-03-02 13:31:40] [Error]    No interfaces could process the outbound packet
[Transport] Sending packet to RODRIGO (122 bytes)...
[Transport] Sending packet to DESKTOP-GCO8VBA (122 bytes)...
[2026-03-02 13:31:42] [Error]    No interfaces could process the outbound packet
[2026-03-02 13:31:42] [Error]    No interfaces could process the outbound packet
[Transport] Sending packet to RODRIGO (122 bytes)...
[Transport] Sending packet to DESKTOP-GCO8VBA (122 bytes)...
[2026-03-02 13:31:47] [Error]    No interfaces could process the outbound packet
[2026-03-02 13:31:47] [Error]    No interfaces could process the outbound packet
[2026-03-02 13:31:48] [Error]    No interfaces could process the outbound packet
[Transport] Sending packet to RODRIGO (122 bytes)...
[Transport] Sending packet to DESKTOP-GCO8VBA (122 bytes)...
[2026-03-02 13:31:52] [Error]    No interfaces could process the outbound packet
[2026-03-02 13:31:53] [Error]    No interfaces could process the outbound packet
[2026-03-02 13:31:53] [Error]    No interfaces could process the outbound packet
[2026-03-02 13:31:54] [Error]    No interfaces could process the outbound packet
[2026-03-02 13:31:54] [Error]    No interfaces could process the outbound packet
[2026-03-02 13:31:54] [Error]    No interfaces could process the outbound packet
[Transport] Sending packet to RODRIGO (122 bytes)...
[Transport] Sending packet to DESKTOP-GCO8VBA (122 bytes)...
[2026-03-02 13:31:58] [Error]    No interfaces could process the outbound packet
[2026-03-02 13:31:59] [Error]    No interfaces could process the outbound packet
[2026-03-02 13:32:00] [Error]    No interfaces could process the outbound packet
[2026-03-02 13:32:00] [Error]    No interfaces could process the outbound packet
[Transport] Sending packet to RODRIGO (122 bytes)...
[Transport] Sending packet to DESKTOP-GCO8VBA (122 bytes)...
[2026-03-02 13:32:04] [Error]    No interfaces could process the outbound packet
[Transport] Sending packet to RODRIGO (122 bytes)...
[Transport] Sending packet to DESKTOP-GCO8VBA (122 bytes)...
Pipeline completed. Final Answer: 5. Include tables if necessary.

---

## Autism: A Comprehensive Overview

Autism spectrum disorders...
[Transport] Sending packet to RODRIGO (122 bytes)...
[Transport] Sending packet to DESKTOP-GCO8VBA (122 bytes)...
[2026-03-02 13:32:12] [Error]    No interfaces could process the outbound packet
[Transport] Sending packet to RODRIGO (122 bytes)...
[Transport] Sending packet to DESKTOP-GCO8VBA (122 bytes)...
[2026-03-02 13:32:21] [Error]    No interfaces could process the outbound packet
[Transport] Sending packet to RODRIGO (122 bytes)...
[Transport] Sending packet to DESKTOP-GCO8VBA (122 bytes)...
[Transport] Sending packet to RODRIGO (122 bytes)...
[Transport] Sending packet to DESKTOP-GCO8VBA (122 bytes)...
[2026-03-02 13:32:27] [Error]    No interfaces could process the outbound packet
[2026-03-02 13:32:29] [Error]    No interfaces could process the outbound packet
[2026-03-02 13:32:29] [Error]    No interfaces could process the outbound packet
[2026-03-02 13:32:29] [Error]    No interfaces could process the outbound packet
[Transport] Sending packet to RODRIGO (120 bytes)...
[Transport] Sending packet to DESKTOP-GCO8VBA (120 bytes)...
[Transport] Sending packet to RODRIGO (122 bytes)...
[Transport] Sending packet to DESKTOP-GCO8VBA (122 bytes)...
[2026-03-02 13:32:38] [Error]    No interfaces could process the outbound packet
[2026-03-02 13:32:38] [Error]    No interfaces could process the outbound packet
[Transport] Sending packet to RODRIGO (122 bytes)...
[Transport] Sending packet to DESKTOP-GCO8VBA (122 bytes)...
[2026-03-02 13:32:44] [Error]    No interfaces could process the outbound packet
[2026-03-02 13:32:44] [Error]    No interfaces could process the outbound packet
[Transport] Sending packet to RODRIGO (122 bytes)...
[Transport] Sending packet to DESKTOP-GCO8VBA (122 bytes)...
[2026-03-02 13:32:48] [Error]    No interfaces could process the outbound packet
[2026-03-02 13:32:48] [Error]    No interfaces could process the outbound packet
[2026-03-02 13:32:48] [Error]    No interfaces could process the outbound packet
[Transport] Sending packet to RODRIGO (122 bytes)...
[Transport] Sending packet to DESKTOP-GCO8VBA (122 bytes)...
[2026-03-02 13:32:53] [Error]    No interfaces could process the outbound packet
[2026-03-02 13:32:53] [Error]    No interfaces could process the outbound packet
[2026-03-02 13:32:54] [Error]    No interfaces could process the outbound packet
[2026-03-02 13:32:54] [Error]    No interfaces could process the outbound packet
[2026-03-02 13:32:54] [Error]    No interfaces could process the outbound packet
[2026-03-02 13:32:55] [Error]    No interfaces could process the outbound packet
[2026-03-02 13:32:56] [Error]    No interfaces could process the outbound packet
[2026-03-02 13:32:56] [Error]    No interfaces could process the outbound packet
[Transport] Sending packet to RODRIGO (122 bytes)...
[Transport] Sending packet to DESKTOP-GCO8VBA (122 bytes)...
[2026-03-02 13:32:59] [Error]    No interfaces could process the outbound packet
[2026-03-02 13:32:59] [Error]    No interfaces could process the outbound packet
[Transport] Sending packet to RODRIGO (122 bytes)...
[Transport] Sending packet to DESKTOP-GCO8VBA (122 bytes)...
[2026-03-02 13:33:02] [Error]    No interfaces could process the outbound packet
[Transport] Sending packet to RODRIGO (122 bytes)...
[Transport] Sending packet to DESKTOP-GCO8VBA (122 bytes)...
[Transport] Sending packet to RODRIGO (122 bytes)...
[Transport] Sending packet to DESKTOP-GCO8VBA (122 bytes)...
[2026-03-02 13:33:12] [Error]    No interfaces could process the outbound packet
[Transport] Sending packet to RODRIGO (122 bytes)...
[Transport] Sending packet to DESKTOP-GCO8VBA (122 bytes)...
[2026-03-02 13:33:18] [Error]    No interfaces could process the outbound packet
[2026-03-02 13:33:18] [Error]    No interfaces could process the outbound packet
[Transport] Sending packet to RODRIGO (122 bytes)...
[Transport] Sending packet to DESKTOP-GCO8VBA (122 bytes)...
[2026-03-02 13:33:23] [Error]    No interfaces could process the outbound packet
[2026-03-02 13:33:24] [Error]    No interfaces could process the outbound packet
[2026-03-02 13:33:26] [Error]    No interfaces could process the outbound packet
[Transport] Sending packet to RODRIGO (122 bytes)...
[Transport] Sending packet to DESKTOP-GCO8VBA (122 bytes)...
[2026-03-02 13:33:29] [Error]    No interfaces could process the outbound packet
[2026-03-02 13:33:29] [Error]    No interfaces could process the outbound packet
[Transport] Sending packet to RODRIGO (122 bytes)...
[Transport] Sending packet to DESKTOP-GCO8VBA (122 bytes)...
[2026-03-02 13:33:34] [Error]    No interfaces could process the outbound packet
[Transport] Sending packet to RODRIGO (122 bytes)...
[Transport] Sending packet to DESKTOP-GCO8VBA (122 bytes)...
[2026-03-02 13:33:40] [Error]    No interfaces could process the outbound packet
[Transport] Sending packet to RODRIGO (122 bytes)...
[Transport] Sending packet to DESKTOP-GCO8VBA (122 bytes)...
[2026-03-02 13:33:47] [Error]    No interfaces could process the outbound packet
[2026-03-02 13:33:47] [Error]    No interfaces could process the outbound packet
[Transport] Sending packet to RODRIGO (122 bytes)...
[Transport] Sending packet to DESKTOP-GCO8VBA (122 bytes)...
